<?xml version="1.0" encoding="UTF-8"?>
<!-- Generated by org.testng.reporters.JUnitReportReporter -->
<testsuite hostname="AUD31900GC" name="com.tab.test.TestClass" tests="1" failures="0" timestamp="21 Jun 2015 23:51:22 GMT" time="0.001" errors="0">
  <testcase name="TestMethod" time="0.001" classname="com.tab.test.TestClass"/>
</testsuite> <!-- com.tab.test.TestClass -->
